2022-04-11 14:07:21,771:INFO:PyCaret Supervised Module
2022-04-11 14:07:21,772:INFO:ML Usecase: classification
2022-04-11 14:07:21,772:INFO:version 2.3.10
2022-04-11 14:07:21,772:INFO:Initializing setup()
2022-04-11 14:07:21,772:INFO:setup(target=Potability, ml_usecase=classification, available_plots={'parameter': 'Hyperparameters', 'auc': 'AUC', 'confusion_matrix': 'Confusion Matrix', 'threshold': 'Threshold', 'pr': 'Precision Recall', 'error': 'Prediction Error', 'class_report': 'Class Report', 'rfe': 'Feature Selection', 'learning': 'Learning Curve', 'manifold': 'Manifold Learning', 'calibration': 'Calibration Curve', 'vc': 'Validation Curve', 'dimension': 'Dimensions', 'feature': 'Feature Importance', 'feature_all': 'Feature Importance (All)', 'boundary': 'Decision Boundary', 'lift': 'Lift Chart', 'gain': 'Gain Chart', 'tree': 'Decision Tree', 'ks': 'KS Statistic Plot'}, train_size=0.7, test_data=None, preprocess=True, imputation_type=simple, iterative_imputation_iters=5, categorical_features=None, categorical_imputation=constant, categorical_iterative_imputer=lightgbm, ordinal_features=None, high_cardinality_features=None, high_cardinality_method=frequency, numeric_features=None, numeric_imputation=mean, numeric_iterative_imputer=lightgbm, date_features=None, ignore_features=None, normalize=False, normalize_method=zscore, transformation=False, transformation_method=yeo-johnson, handle_unknown_categorical=True, unknown_categorical_method=least_frequent, pca=False, pca_method=linear, pca_components=None, ignore_low_variance=False, combine_rare_levels=False, rare_level_threshold=0.1, bin_numeric_features=None, remove_outliers=False, outliers_threshold=0.05, remove_multicollinearity=False, multicollinearity_threshold=0.9, remove_perfect_collinearity=True, create_clusters=False, cluster_iter=20, polynomial_features=False, polynomial_degree=2, trigonometry_features=False, polynomial_threshold=0.1, group_features=None, group_names=None, feature_selection=False, feature_selection_threshold=0.8, feature_selection_method=classic, feature_interaction=False, feature_ratio=False, interaction_threshold=0.01, fix_imbalance=False, fix_imbalance_method=None, transform_target=False, transform_target_method=box-cox, data_split_shuffle=True, data_split_stratify=False, fold_strategy=stratifiedkfold, fold=10, fold_shuffle=False, fold_groups=None, n_jobs=-1, use_gpu=False, custom_pipeline=None, html=True, session_id=776, log_experiment=False, experiment_name=None, experiment_custom_tags=None, log_plots=False, log_profile=False, log_data=False, silent=True, verbose=True, profile=False, profile_kwargs=None, display=None)
2022-04-11 14:07:21,772:INFO:Checking environment
2022-04-11 14:07:21,772:INFO:python_version: 3.8.6
2022-04-11 14:07:21,772:INFO:python_build: ('default', 'Jul 12 2021 12:54:58')
2022-04-11 14:07:21,772:INFO:machine: x86_64
2022-04-11 14:07:21,786:INFO:platform: macOS-12.2.1-x86_64-i386-64bit
2022-04-11 14:07:21,788:INFO:Memory: svmem(total=17179869184, available=7086022656, percent=58.8, used=9111752704, free=107294720, active=6980894720, inactive=6812581888, wired=2130857984)
2022-04-11 14:07:21,788:INFO:Physical Core: 4
2022-04-11 14:07:21,788:INFO:Logical Core: 8
2022-04-11 14:07:21,788:INFO:Checking libraries
2022-04-11 14:07:21,788:INFO:pd==1.3.0
2022-04-11 14:07:21,788:INFO:numpy==1.18.5
2022-04-11 14:07:21,788:INFO:sklearn==0.23.2
2022-04-11 14:07:21,789:INFO:lightgbm==3.3.2
2022-04-11 14:07:21,791:WARNING:catboost not found
2022-04-11 14:07:21,938:INFO:xgboost==1.4.2
2022-04-11 14:07:21,938:INFO:mlflow==1.19.0
2022-04-11 14:07:21,938:INFO:Checking Exceptions
2022-04-11 14:07:21,938:INFO:Declaring global variables
2022-04-11 14:07:21,939:INFO:USI: 2188
2022-04-11 14:07:21,939:INFO:pycaret_globals: {'fold_param', 'experiment__', '_all_metrics', '_all_models', '_ml_usecase', 'fold_generator', '_internal_pipeline', 'data_before_preprocess', 'transform_target_param', 'pycaret_globals', 'iterative_imputation_iters_param', 'create_model_container', 'html_param', 'n_jobs_param', 'USI', 'y', '_all_models_internal', 'transform_target_method_param', 'exp_name_log', 'logging_param', 'imputation_regressor', 'master_model_container', 'target_param', 'y_test', 'display_container', 'dashboard_logger', 'X', 'fold_groups_param_full', 'fold_groups_param', 'prep_pipe', 'X_test', 'X_train', 'fold_shuffle_param', 'seed', '_gpu_n_jobs_param', 'imputation_classifier', 'gpu_param', 'y_train', '_available_plots', 'log_plots_param', 'fix_imbalance_param', 'fix_imbalance_method_param', 'stratify_param'}
2022-04-11 14:07:21,939:INFO:Preparing display monitor
2022-04-11 14:07:21,939:INFO:Preparing display monitor
2022-04-11 14:07:21,957:INFO:Importing libraries
2022-04-11 14:07:21,958:INFO:Copying data for preprocessing
2022-04-11 14:07:21,969:INFO:Declaring preprocessing parameters
2022-04-11 14:07:21,971:INFO:Creating preprocessing pipeline
2022-04-11 14:07:21,985:INFO:Preprocessing pipeline created successfully
2022-04-11 14:07:21,985:ERROR:(Process Exit): setup has been interupted with user command 'quit'. setup must rerun.
2022-04-11 14:07:21,985:INFO:Creating global containers
2022-04-11 14:07:21,987:INFO:Internal pipeline: Pipeline(memory=None, steps=[('empty_step', 'passthrough')], verbose=False)
2022-04-11 14:07:22,242:WARNING:Couldn't import catboost.CatBoostClassifier
2022-04-11 14:07:22,346:WARNING:Couldn't import catboost.CatBoostClassifier
2022-04-11 14:07:22,347:INFO:Creating grid variables
2022-04-11 14:07:22,365:INFO:create_model_container: 0
2022-04-11 14:07:22,365:INFO:master_model_container: 0
2022-04-11 14:07:22,366:INFO:display_container: 1
2022-04-11 14:07:22,374:INFO:Pipeline(memory=None,
         steps=[('dtypes',
                 DataTypes_Auto_infer(categorical_features=[],
                                      display_types=False, features_todrop=[],
                                      id_columns=[],
                                      ml_usecase='classification',
                                      numerical_features=[],
                                      target='Potability', time_features=[])),
                ('imputer',
                 Simple_Imputer(categorical_strategy='not_available',
                                fill_value_categorical=None,
                                fill_value_numerical=None,
                                numeric_...
                ('scaling', 'passthrough'), ('P_transform', 'passthrough'),
                ('binn', 'passthrough'), ('rem_outliers', 'passthrough'),
                ('cluster_all', 'passthrough'),
                ('dummy', Dummify(target='Potability')),
                ('fix_perfect', Remove_100(target='Potability')),
                ('clean_names', Clean_Colum_Names()),
                ('feature_select', 'passthrough'), ('fix_multi', 'passthrough'),
                ('dfs', 'passthrough'), ('pca', 'passthrough')],
         verbose=False)
2022-04-11 14:07:22,374:INFO:setup() succesfully completed......................................
2022-04-11 14:07:22,895:INFO:Initializing compare_models()
2022-04-11 14:07:22,896:INFO:compare_models(include=None, fold=None, round=4, cross_validation=True, sort=Accuracy, n_select=1, budget_time=None, turbo=True, errors=ignore, fit_kwargs=None, groups=None, experiment_custom_tags=None, probability_threshold=None, verbose=True, display=None, exclude=None)
2022-04-11 14:07:22,896:INFO:Checking exceptions
2022-04-11 14:07:22,897:INFO:Preparing display monitor
2022-04-11 14:07:22,897:INFO:Preparing display monitor
2022-04-11 14:07:22,928:INFO:Initializing Logistic Regression
2022-04-11 14:07:22,929:INFO:Total runtime is 4.9193700154622395e-06 minutes
2022-04-11 14:07:22,939:INFO:SubProcess create_model() called ==================================
2022-04-11 14:07:22,939:INFO:Initializing create_model()
2022-04-11 14:07:22,939:INFO:create_model(estimator=lr, fold=StratifiedKFold(n_splits=10, random_state=None, shuffle=False), round=4, cross_validation=True, predict=True, fit_kwargs={}, groups=None, refit=False, verbose=False, system=False, metrics=None, experiment_custom_tags=None, add_to_model_list=True, probability_threshold=None, display=<pycaret.internal.Display.Display object at 0x13449a4c0>, return_train_score=False, kwargs={})
2022-04-11 14:07:22,939:INFO:Checking exceptions
2022-04-11 14:07:22,940:INFO:Importing libraries
2022-04-11 14:07:22,940:INFO:Copying training dataset
2022-04-11 14:07:22,940:INFO:Defining folds
2022-04-11 14:07:22,941:INFO:Declaring metric variables
2022-04-11 14:07:22,952:INFO:Importing untrained model
2022-04-11 14:07:22,964:INFO:Logistic Regression Imported succesfully
2022-04-11 14:07:22,988:INFO:Starting cross validation
2022-04-11 14:07:22,989:INFO:Cross validating with StratifiedKFold(n_splits=10, random_state=None, shuffle=False), n_jobs=-1
2022-04-11 14:07:40,867:INFO:Calculating mean and std
2022-04-11 14:07:40,873:INFO:Creating metrics dataframe
2022-04-11 14:07:40,890:INFO:Uploading results into container
2022-04-11 14:07:40,890:INFO:Uploading model into container now
2022-04-11 14:07:40,891:INFO:create_model_container: 1
2022-04-11 14:07:40,891:INFO:master_model_container: 1
2022-04-11 14:07:40,891:INFO:display_container: 2
2022-04-11 14:07:40,892:INFO:LogisticRegression(C=1.0, class_weight=None, dual=False, fit_intercept=True,
                   intercept_scaling=1, l1_ratio=None, max_iter=1000,
                   multi_class='auto', n_jobs=None, penalty='l2',
                   random_state=776, solver='lbfgs', tol=0.0001, verbose=0,
                   warm_start=False)
2022-04-11 14:07:40,892:INFO:create_model() succesfully completed......................................
2022-04-11 14:07:41,429:INFO:SubProcess create_model() end ==================================
2022-04-11 14:07:41,430:INFO:Creating metrics dataframe
2022-04-11 14:07:41,450:INFO:Initializing K Neighbors Classifier
2022-04-11 14:07:41,450:INFO:Total runtime is 0.3087037881215413 minutes
2022-04-11 14:07:41,462:INFO:SubProcess create_model() called ==================================
2022-04-11 14:07:41,462:INFO:Initializing create_model()
2022-04-11 14:07:41,462:INFO:create_model(estimator=knn, fold=StratifiedKFold(n_splits=10, random_state=None, shuffle=False), round=4, cross_validation=True, predict=True, fit_kwargs={}, groups=None, refit=False, verbose=False, system=False, metrics=None, experiment_custom_tags=None, add_to_model_list=True, probability_threshold=None, display=<pycaret.internal.Display.Display object at 0x13449a4c0>, return_train_score=False, kwargs={})
2022-04-11 14:07:41,463:INFO:Checking exceptions
2022-04-11 14:07:41,463:INFO:Importing libraries
2022-04-11 14:07:41,463:INFO:Copying training dataset
2022-04-11 14:07:41,465:INFO:Defining folds
2022-04-11 14:07:41,465:INFO:Declaring metric variables
2022-04-11 14:07:41,474:INFO:Importing untrained model
2022-04-11 14:07:41,487:INFO:K Neighbors Classifier Imported succesfully
2022-04-11 14:07:41,509:INFO:Starting cross validation
2022-04-11 14:07:41,509:INFO:Cross validating with StratifiedKFold(n_splits=10, random_state=None, shuffle=False), n_jobs=-1
2022-04-11 14:07:41,636:INFO:Calculating mean and std
2022-04-11 14:07:41,638:INFO:Creating metrics dataframe
2022-04-11 14:07:41,644:INFO:Uploading results into container
2022-04-11 14:07:41,644:INFO:Uploading model into container now
2022-04-11 14:07:41,644:INFO:create_model_container: 2
2022-04-11 14:07:41,644:INFO:master_model_container: 2
2022-04-11 14:07:41,645:INFO:display_container: 2
2022-04-11 14:07:41,645:INFO:KNeighborsClassifier(algorithm='auto', leaf_size=30, metric='minkowski',
                     metric_params=None, n_jobs=-1, n_neighbors=5, p=2,
                     weights='uniform')
2022-04-11 14:07:41,645:INFO:create_model() succesfully completed......................................
2022-04-11 14:07:42,077:INFO:SubProcess create_model() end ==================================
2022-04-11 14:07:42,077:INFO:Creating metrics dataframe
2022-04-11 14:07:42,099:INFO:Initializing Naive Bayes
2022-04-11 14:07:42,100:INFO:Total runtime is 0.319526199499766 minutes
2022-04-11 14:07:42,111:INFO:SubProcess create_model() called ==================================
2022-04-11 14:07:42,111:INFO:Initializing create_model()
2022-04-11 14:07:42,111:INFO:create_model(estimator=nb, fold=StratifiedKFold(n_splits=10, random_state=None, shuffle=False), round=4, cross_validation=True, predict=True, fit_kwargs={}, groups=None, refit=False, verbose=False, system=False, metrics=None, experiment_custom_tags=None, add_to_model_list=True, probability_threshold=None, display=<pycaret.internal.Display.Display object at 0x13449a4c0>, return_train_score=False, kwargs={})
2022-04-11 14:07:42,112:INFO:Checking exceptions
2022-04-11 14:07:42,112:INFO:Importing libraries
2022-04-11 14:07:42,112:INFO:Copying training dataset
2022-04-11 14:07:42,113:INFO:Defining folds
2022-04-11 14:07:42,113:INFO:Declaring metric variables
2022-04-11 14:07:42,123:INFO:Importing untrained model
2022-04-11 14:07:42,132:INFO:Naive Bayes Imported succesfully
2022-04-11 14:07:42,154:INFO:Starting cross validation
2022-04-11 14:07:42,154:INFO:Cross validating with StratifiedKFold(n_splits=10, random_state=None, shuffle=False), n_jobs=-1
2022-04-11 14:07:42,218:INFO:Calculating mean and std
2022-04-11 14:07:42,219:INFO:Creating metrics dataframe
2022-04-11 14:07:42,225:INFO:Uploading results into container
2022-04-11 14:07:42,225:INFO:Uploading model into container now
2022-04-11 14:07:42,225:INFO:create_model_container: 3
2022-04-11 14:07:42,226:INFO:master_model_container: 3
2022-04-11 14:07:42,226:INFO:display_container: 2
2022-04-11 14:07:42,226:INFO:GaussianNB(priors=None, var_smoothing=1e-09)
2022-04-11 14:07:42,226:INFO:create_model() succesfully completed......................................
2022-04-11 14:07:42,653:INFO:SubProcess create_model() end ==================================
2022-04-11 14:07:42,653:INFO:Creating metrics dataframe
2022-04-11 14:07:42,673:INFO:Initializing Decision Tree Classifier
2022-04-11 14:07:42,674:INFO:Total runtime is 0.32908973693847654 minutes
2022-04-11 14:07:42,684:INFO:SubProcess create_model() called ==================================
2022-04-11 14:07:42,685:INFO:Initializing create_model()
2022-04-11 14:07:42,685:INFO:create_model(estimator=dt, fold=StratifiedKFold(n_splits=10, random_state=None, shuffle=False), round=4, cross_validation=True, predict=True, fit_kwargs={}, groups=None, refit=False, verbose=False, system=False, metrics=None, experiment_custom_tags=None, add_to_model_list=True, probability_threshold=None, display=<pycaret.internal.Display.Display object at 0x13449a4c0>, return_train_score=False, kwargs={})
2022-04-11 14:07:42,685:INFO:Checking exceptions
2022-04-11 14:07:42,685:INFO:Importing libraries
2022-04-11 14:07:42,686:INFO:Copying training dataset
2022-04-11 14:07:42,723:INFO:Defining folds
2022-04-11 14:07:42,724:INFO:Declaring metric variables
2022-04-11 14:07:42,760:INFO:Importing untrained model
2022-04-11 14:07:42,781:INFO:Decision Tree Classifier Imported succesfully
2022-04-11 14:07:42,816:INFO:Starting cross validation
2022-04-11 14:07:42,817:INFO:Cross validating with StratifiedKFold(n_splits=10, random_state=None, shuffle=False), n_jobs=-1
2022-04-11 14:07:42,993:INFO:Calculating mean and std
2022-04-11 14:07:42,994:INFO:Creating metrics dataframe
2022-04-11 14:07:43,000:INFO:Uploading results into container
2022-04-11 14:07:43,001:INFO:Uploading model into container now
2022-04-11 14:07:43,001:INFO:create_model_container: 4
2022-04-11 14:07:43,001:INFO:master_model_container: 4
2022-04-11 14:07:43,001:INFO:display_container: 2
2022-04-11 14:07:43,002:INFO:DecisionTreeClassifier(ccp_alpha=0.0, class_weight=None, criterion='gini',
                       max_depth=None, max_features=None, max_leaf_nodes=None,
                       min_impurity_decrease=0.0, min_impurity_split=None,
                       min_samples_leaf=1, min_samples_split=2,
                       min_weight_fraction_leaf=0.0, presort='deprecated',
                       random_state=776, splitter='best')
2022-04-11 14:07:43,002:INFO:create_model() succesfully completed......................................
2022-04-11 14:07:43,535:INFO:SubProcess create_model() end ==================================
2022-04-11 14:07:43,535:INFO:Creating metrics dataframe
2022-04-11 14:07:43,577:INFO:Initializing SVM - Linear Kernel
2022-04-11 14:07:43,577:INFO:Total runtime is 0.3441495855649312 minutes
2022-04-11 14:07:43,596:INFO:SubProcess create_model() called ==================================
2022-04-11 14:07:43,597:INFO:Initializing create_model()
2022-04-11 14:07:43,598:INFO:create_model(estimator=svm, fold=StratifiedKFold(n_splits=10, random_state=None, shuffle=False), round=4, cross_validation=True, predict=True, fit_kwargs={}, groups=None, refit=False, verbose=False, system=False, metrics=None, experiment_custom_tags=None, add_to_model_list=True, probability_threshold=None, display=<pycaret.internal.Display.Display object at 0x13449a4c0>, return_train_score=False, kwargs={})
2022-04-11 14:07:43,598:INFO:Checking exceptions
2022-04-11 14:07:43,598:INFO:Importing libraries
2022-04-11 14:07:43,599:INFO:Copying training dataset
2022-04-11 14:07:43,601:INFO:Defining folds
2022-04-11 14:07:43,602:INFO:Declaring metric variables
2022-04-11 14:07:43,615:INFO:Importing untrained model
2022-04-11 14:07:43,630:INFO:SVM - Linear Kernel Imported succesfully
2022-04-11 14:07:43,659:INFO:Starting cross validation
2022-04-11 14:07:43,660:INFO:Cross validating with StratifiedKFold(n_splits=10, random_state=None, shuffle=False), n_jobs=-1
2022-04-11 14:07:43,752:INFO:Calculating mean and std
2022-04-11 14:07:43,753:INFO:Creating metrics dataframe
2022-04-11 14:07:43,761:INFO:Uploading results into container
2022-04-11 14:07:43,761:INFO:Uploading model into container now
2022-04-11 14:07:43,762:INFO:create_model_container: 5
2022-04-11 14:07:43,762:INFO:master_model_container: 5
2022-04-11 14:07:43,762:INFO:display_container: 2
2022-04-11 14:07:43,763:INFO:SGDClassifier(alpha=0.0001, average=False, class_weight=None,
              early_stopping=False, epsilon=0.1, eta0=0.001, fit_intercept=True,
              l1_ratio=0.15, learning_rate='optimal', loss='hinge',
              max_iter=1000, n_iter_no_change=5, n_jobs=-1, penalty='l2',
              power_t=0.5, random_state=776, shuffle=True, tol=0.001,
              validation_fraction=0.1, verbose=0, warm_start=False)
2022-04-11 14:07:43,763:INFO:create_model() succesfully completed......................................
2022-04-11 14:07:44,235:INFO:SubProcess create_model() end ==================================
2022-04-11 14:07:44,235:INFO:Creating metrics dataframe
2022-04-11 14:07:44,263:INFO:Initializing Ridge Classifier
2022-04-11 14:07:44,263:INFO:Total runtime is 0.3555860877037048 minutes
2022-04-11 14:07:44,279:INFO:SubProcess create_model() called ==================================
2022-04-11 14:07:44,279:INFO:Initializing create_model()
2022-04-11 14:07:44,280:INFO:create_model(estimator=ridge, fold=StratifiedKFold(n_splits=10, random_state=None, shuffle=False), round=4, cross_validation=True, predict=True, fit_kwargs={}, groups=None, refit=False, verbose=False, system=False, metrics=None, experiment_custom_tags=None, add_to_model_list=True, probability_threshold=None, display=<pycaret.internal.Display.Display object at 0x13449a4c0>, return_train_score=False, kwargs={})
2022-04-11 14:07:44,280:INFO:Checking exceptions
2022-04-11 14:07:44,280:INFO:Importing libraries
2022-04-11 14:07:44,280:INFO:Copying training dataset
2022-04-11 14:07:44,282:INFO:Defining folds
2022-04-11 14:07:44,283:INFO:Declaring metric variables
2022-04-11 14:07:44,296:INFO:Importing untrained model
2022-04-11 14:07:44,311:INFO:Ridge Classifier Imported succesfully
2022-04-11 14:07:44,340:INFO:Starting cross validation
2022-04-11 14:07:44,341:INFO:Cross validating with StratifiedKFold(n_splits=10, random_state=None, shuffle=False), n_jobs=-1
2022-04-11 14:07:44,414:INFO:Calculating mean and std
2022-04-11 14:07:44,416:INFO:Creating metrics dataframe
2022-04-11 14:07:44,424:INFO:Uploading results into container
2022-04-11 14:07:44,424:INFO:Uploading model into container now
2022-04-11 14:07:44,425:INFO:create_model_container: 6
2022-04-11 14:07:44,425:INFO:master_model_container: 6
2022-04-11 14:07:44,425:INFO:display_container: 2
2022-04-11 14:07:44,426:INFO:RidgeClassifier(alpha=1.0, class_weight=None, copy_X=True, fit_intercept=True,
                max_iter=None, normalize=False, random_state=776, solver='auto',
                tol=0.001)
2022-04-11 14:07:44,426:INFO:create_model() succesfully completed......................................
2022-04-11 14:07:44,890:INFO:SubProcess create_model() end ==================================
2022-04-11 14:07:44,890:INFO:Creating metrics dataframe
2022-04-11 14:07:44,912:INFO:Initializing Random Forest Classifier
2022-04-11 14:07:44,912:INFO:Total runtime is 0.3663979848225911 minutes
2022-04-11 14:07:44,923:INFO:SubProcess create_model() called ==================================
2022-04-11 14:07:44,924:INFO:Initializing create_model()
2022-04-11 14:07:44,924:INFO:create_model(estimator=rf, fold=StratifiedKFold(n_splits=10, random_state=None, shuffle=False), round=4, cross_validation=True, predict=True, fit_kwargs={}, groups=None, refit=False, verbose=False, system=False, metrics=None, experiment_custom_tags=None, add_to_model_list=True, probability_threshold=None, display=<pycaret.internal.Display.Display object at 0x13449a4c0>, return_train_score=False, kwargs={})
2022-04-11 14:07:44,924:INFO:Checking exceptions
2022-04-11 14:07:44,924:INFO:Importing libraries
2022-04-11 14:07:44,924:INFO:Copying training dataset
2022-04-11 14:07:44,925:INFO:Defining folds
2022-04-11 14:07:44,925:INFO:Declaring metric variables
2022-04-11 14:07:44,938:INFO:Importing untrained model
2022-04-11 14:07:44,947:INFO:Random Forest Classifier Imported succesfully
2022-04-11 14:07:44,972:INFO:Starting cross validation
2022-04-11 14:07:44,973:INFO:Cross validating with StratifiedKFold(n_splits=10, random_state=None, shuffle=False), n_jobs=-1
2022-04-11 14:07:46,738:INFO:Calculating mean and std
2022-04-11 14:07:46,740:INFO:Creating metrics dataframe
2022-04-11 14:07:46,748:INFO:Uploading results into container
2022-04-11 14:07:46,748:INFO:Uploading model into container now
2022-04-11 14:07:46,748:INFO:create_model_container: 7
2022-04-11 14:07:46,749:INFO:master_model_container: 7
2022-04-11 14:07:46,749:INFO:display_container: 2
2022-04-11 14:07:46,750:INFO:RandomForestClassifier(bootstrap=True, ccp_alpha=0.0, class_weight=None,
                       criterion='gini', max_depth=None, max_features='auto',
                       max_leaf_nodes=None, max_samples=None,
                       min_impurity_decrease=0.0, min_impurity_split=None,
                       min_samples_leaf=1, min_samples_split=2,
                       min_weight_fraction_leaf=0.0, n_estimators=100,
                       n_jobs=-1, oob_score=False, random_state=776, verbose=0,
                       warm_start=False)
2022-04-11 14:07:46,750:INFO:create_model() succesfully completed......................................
2022-04-11 14:07:47,188:INFO:SubProcess create_model() end ==================================
2022-04-11 14:07:47,188:INFO:Creating metrics dataframe
2022-04-11 14:07:47,212:INFO:Initializing Quadratic Discriminant Analysis
2022-04-11 14:07:47,212:INFO:Total runtime is 0.4047346671422322 minutes
2022-04-11 14:07:47,224:INFO:SubProcess create_model() called ==================================
2022-04-11 14:07:47,225:INFO:Initializing create_model()
2022-04-11 14:07:47,225:INFO:create_model(estimator=qda, fold=StratifiedKFold(n_splits=10, random_state=None, shuffle=False), round=4, cross_validation=True, predict=True, fit_kwargs={}, groups=None, refit=False, verbose=False, system=False, metrics=None, experiment_custom_tags=None, add_to_model_list=True, probability_threshold=None, display=<pycaret.internal.Display.Display object at 0x13449a4c0>, return_train_score=False, kwargs={})
2022-04-11 14:07:47,225:INFO:Checking exceptions
2022-04-11 14:07:47,225:INFO:Importing libraries
2022-04-11 14:07:47,226:INFO:Copying training dataset
2022-04-11 14:07:47,227:INFO:Defining folds
2022-04-11 14:07:47,227:INFO:Declaring metric variables
2022-04-11 14:07:47,239:INFO:Importing untrained model
2022-04-11 14:07:47,250:INFO:Quadratic Discriminant Analysis Imported succesfully
2022-04-11 14:07:47,276:INFO:Starting cross validation
2022-04-11 14:07:47,276:INFO:Cross validating with StratifiedKFold(n_splits=10, random_state=None, shuffle=False), n_jobs=-1
2022-04-11 14:07:47,356:INFO:Calculating mean and std
2022-04-11 14:07:47,357:INFO:Creating metrics dataframe
2022-04-11 14:07:47,363:INFO:Uploading results into container
2022-04-11 14:07:47,363:INFO:Uploading model into container now
2022-04-11 14:07:47,364:INFO:create_model_container: 8
2022-04-11 14:07:47,364:INFO:master_model_container: 8
2022-04-11 14:07:47,364:INFO:display_container: 2
2022-04-11 14:07:47,364:INFO:QuadraticDiscriminantAnalysis(priors=None, reg_param=0.0,
                              store_covariance=False, tol=0.0001)
2022-04-11 14:07:47,364:INFO:create_model() succesfully completed......................................
2022-04-11 14:07:47,807:INFO:SubProcess create_model() end ==================================
2022-04-11 14:07:47,807:INFO:Creating metrics dataframe
2022-04-11 14:07:47,833:INFO:Initializing Ada Boost Classifier
2022-04-11 14:07:47,833:INFO:Total runtime is 0.4150758028030395 minutes
2022-04-11 14:07:47,843:INFO:SubProcess create_model() called ==================================
2022-04-11 14:07:47,844:INFO:Initializing create_model()
2022-04-11 14:07:47,844:INFO:create_model(estimator=ada, fold=StratifiedKFold(n_splits=10, random_state=None, shuffle=False), round=4, cross_validation=True, predict=True, fit_kwargs={}, groups=None, refit=False, verbose=False, system=False, metrics=None, experiment_custom_tags=None, add_to_model_list=True, probability_threshold=None, display=<pycaret.internal.Display.Display object at 0x13449a4c0>, return_train_score=False, kwargs={})
2022-04-11 14:07:47,844:INFO:Checking exceptions
2022-04-11 14:07:47,844:INFO:Importing libraries
2022-04-11 14:07:47,844:INFO:Copying training dataset
2022-04-11 14:07:47,845:INFO:Defining folds
2022-04-11 14:07:47,845:INFO:Declaring metric variables
2022-04-11 14:07:47,855:INFO:Importing untrained model
2022-04-11 14:07:47,865:INFO:Ada Boost Classifier Imported succesfully
2022-04-11 14:07:47,888:INFO:Starting cross validation
2022-04-11 14:07:47,889:INFO:Cross validating with StratifiedKFold(n_splits=10, random_state=None, shuffle=False), n_jobs=-1
2022-04-11 14:07:48,491:INFO:Calculating mean and std
2022-04-11 14:07:48,492:INFO:Creating metrics dataframe
2022-04-11 14:07:48,500:INFO:Uploading results into container
2022-04-11 14:07:48,500:INFO:Uploading model into container now
2022-04-11 14:07:48,500:INFO:create_model_container: 9
2022-04-11 14:07:48,500:INFO:master_model_container: 9
2022-04-11 14:07:48,501:INFO:display_container: 2
2022-04-11 14:07:48,501:INFO:AdaBoostClassifier(algorithm='SAMME.R', base_estimator=None, learning_rate=1.0,
                   n_estimators=50, random_state=776)
2022-04-11 14:07:48,501:INFO:create_model() succesfully completed......................................
2022-04-11 14:07:48,952:INFO:SubProcess create_model() end ==================================
2022-04-11 14:07:48,952:INFO:Creating metrics dataframe
2022-04-11 14:07:48,975:INFO:Initializing Gradient Boosting Classifier
2022-04-11 14:07:48,975:INFO:Total runtime is 0.43411390384038284 minutes
2022-04-11 14:07:48,986:INFO:SubProcess create_model() called ==================================
2022-04-11 14:07:48,986:INFO:Initializing create_model()
2022-04-11 14:07:48,986:INFO:create_model(estimator=gbc, fold=StratifiedKFold(n_splits=10, random_state=None, shuffle=False), round=4, cross_validation=True, predict=True, fit_kwargs={}, groups=None, refit=False, verbose=False, system=False, metrics=None, experiment_custom_tags=None, add_to_model_list=True, probability_threshold=None, display=<pycaret.internal.Display.Display object at 0x13449a4c0>, return_train_score=False, kwargs={})
2022-04-11 14:07:48,987:INFO:Checking exceptions
2022-04-11 14:07:48,987:INFO:Importing libraries
2022-04-11 14:07:48,987:INFO:Copying training dataset
2022-04-11 14:07:48,988:INFO:Defining folds
2022-04-11 14:07:48,989:INFO:Declaring metric variables
2022-04-11 14:07:48,998:INFO:Importing untrained model
2022-04-11 14:07:49,009:INFO:Gradient Boosting Classifier Imported succesfully
2022-04-11 14:07:49,029:INFO:Starting cross validation
2022-04-11 14:07:49,030:INFO:Cross validating with StratifiedKFold(n_splits=10, random_state=None, shuffle=False), n_jobs=-1
2022-04-11 14:07:50,205:INFO:Calculating mean and std
2022-04-11 14:07:50,206:INFO:Creating metrics dataframe
2022-04-11 14:07:50,212:INFO:Uploading results into container
2022-04-11 14:07:50,213:INFO:Uploading model into container now
2022-04-11 14:07:50,213:INFO:create_model_container: 10
2022-04-11 14:07:50,213:INFO:master_model_container: 10
2022-04-11 14:07:50,213:INFO:display_container: 2
2022-04-11 14:07:50,213:INFO:GradientBoostingClassifier(ccp_alpha=0.0, criterion='friedman_mse', init=None,
                           learning_rate=0.1, loss='deviance', max_depth=3,
                           max_features=None, max_leaf_nodes=None,
                           min_impurity_decrease=0.0, min_impurity_split=None,
                           min_samples_leaf=1, min_samples_split=2,
                           min_weight_fraction_leaf=0.0, n_estimators=100,
                           n_iter_no_change=None, presort='deprecated',
                           random_state=776, subsample=1.0, tol=0.0001,
                           validation_fraction=0.1, verbose=0,
                           warm_start=False)
2022-04-11 14:07:50,213:INFO:create_model() succesfully completed......................................
2022-04-11 14:07:50,647:INFO:SubProcess create_model() end ==================================
2022-04-11 14:07:50,647:INFO:Creating metrics dataframe
2022-04-11 14:07:50,672:INFO:Initializing Linear Discriminant Analysis
2022-04-11 14:07:50,672:INFO:Total runtime is 0.4623989025751749 minutes
2022-04-11 14:07:50,682:INFO:SubProcess create_model() called ==================================
2022-04-11 14:07:50,683:INFO:Initializing create_model()
2022-04-11 14:07:50,683:INFO:create_model(estimator=lda, fold=StratifiedKFold(n_splits=10, random_state=None, shuffle=False), round=4, cross_validation=True, predict=True, fit_kwargs={}, groups=None, refit=False, verbose=False, system=False, metrics=None, experiment_custom_tags=None, add_to_model_list=True, probability_threshold=None, display=<pycaret.internal.Display.Display object at 0x13449a4c0>, return_train_score=False, kwargs={})
2022-04-11 14:07:50,683:INFO:Checking exceptions
2022-04-11 14:07:50,683:INFO:Importing libraries
2022-04-11 14:07:50,684:INFO:Copying training dataset
2022-04-11 14:07:50,685:INFO:Defining folds
2022-04-11 14:07:50,686:INFO:Declaring metric variables
2022-04-11 14:07:50,695:INFO:Importing untrained model
2022-04-11 14:07:50,705:INFO:Linear Discriminant Analysis Imported succesfully
2022-04-11 14:07:50,725:INFO:Starting cross validation
2022-04-11 14:07:50,726:INFO:Cross validating with StratifiedKFold(n_splits=10, random_state=None, shuffle=False), n_jobs=-1
2022-04-11 14:07:50,793:INFO:Calculating mean and std
2022-04-11 14:07:50,794:INFO:Creating metrics dataframe
2022-04-11 14:07:50,800:INFO:Uploading results into container
2022-04-11 14:07:50,800:INFO:Uploading model into container now
2022-04-11 14:07:50,801:INFO:create_model_container: 11
2022-04-11 14:07:50,801:INFO:master_model_container: 11
2022-04-11 14:07:50,801:INFO:display_container: 2
2022-04-11 14:07:50,801:INFO:LinearDiscriminantAnalysis(n_components=None, priors=None, shrinkage=None,
                           solver='svd', store_covariance=False, tol=0.0001)
2022-04-11 14:07:50,801:INFO:create_model() succesfully completed......................................
2022-04-11 14:07:51,234:INFO:SubProcess create_model() end ==================================
2022-04-11 14:07:51,234:INFO:Creating metrics dataframe
2022-04-11 14:07:51,258:INFO:Initializing Extra Trees Classifier
2022-04-11 14:07:51,258:INFO:Total runtime is 0.47215851942698156 minutes
2022-04-11 14:07:51,268:INFO:SubProcess create_model() called ==================================
2022-04-11 14:07:51,269:INFO:Initializing create_model()
2022-04-11 14:07:51,269:INFO:create_model(estimator=et, fold=StratifiedKFold(n_splits=10, random_state=None, shuffle=False), round=4, cross_validation=True, predict=True, fit_kwargs={}, groups=None, refit=False, verbose=False, system=False, metrics=None, experiment_custom_tags=None, add_to_model_list=True, probability_threshold=None, display=<pycaret.internal.Display.Display object at 0x13449a4c0>, return_train_score=False, kwargs={})
2022-04-11 14:07:51,269:INFO:Checking exceptions
2022-04-11 14:07:51,269:INFO:Importing libraries
2022-04-11 14:07:51,270:INFO:Copying training dataset
2022-04-11 14:07:51,271:INFO:Defining folds
2022-04-11 14:07:51,271:INFO:Declaring metric variables
2022-04-11 14:07:51,342:INFO:Importing untrained model
2022-04-11 14:07:51,365:INFO:Extra Trees Classifier Imported succesfully
2022-04-11 14:07:51,386:INFO:Starting cross validation
2022-04-11 14:07:51,387:INFO:Cross validating with StratifiedKFold(n_splits=10, random_state=None, shuffle=False), n_jobs=-1
2022-04-11 14:07:52,553:INFO:Calculating mean and std
2022-04-11 14:07:52,556:INFO:Creating metrics dataframe
2022-04-11 14:07:52,563:INFO:Uploading results into container
2022-04-11 14:07:52,563:INFO:Uploading model into container now
2022-04-11 14:07:52,563:INFO:create_model_container: 12
2022-04-11 14:07:52,563:INFO:master_model_container: 12
2022-04-11 14:07:52,563:INFO:display_container: 2
2022-04-11 14:07:52,564:INFO:ExtraTreesClassifier(bootstrap=False, ccp_alpha=0.0, class_weight=None,
                     criterion='gini', max_depth=None, max_features='auto',
                     max_leaf_nodes=None, max_samples=None,
                     min_impurity_decrease=0.0, min_impurity_split=None,
                     min_samples_leaf=1, min_samples_split=2,
                     min_weight_fraction_leaf=0.0, n_estimators=100, n_jobs=-1,
                     oob_score=False, random_state=776, verbose=0,
                     warm_start=False)
2022-04-11 14:07:52,564:INFO:create_model() succesfully completed......................................
2022-04-11 14:07:53,001:INFO:SubProcess create_model() end ==================================
2022-04-11 14:07:53,001:INFO:Creating metrics dataframe
2022-04-11 14:07:53,025:INFO:Initializing Extreme Gradient Boosting
2022-04-11 14:07:53,025:INFO:Total runtime is 0.5016130526860555 minutes
2022-04-11 14:07:53,035:INFO:SubProcess create_model() called ==================================
2022-04-11 14:07:53,036:INFO:Initializing create_model()
2022-04-11 14:07:53,036:INFO:create_model(estimator=xgboost, fold=StratifiedKFold(n_splits=10, random_state=None, shuffle=False), round=4, cross_validation=True, predict=True, fit_kwargs={}, groups=None, refit=False, verbose=False, system=False, metrics=None, experiment_custom_tags=None, add_to_model_list=True, probability_threshold=None, display=<pycaret.internal.Display.Display object at 0x13449a4c0>, return_train_score=False, kwargs={})
2022-04-11 14:07:53,036:INFO:Checking exceptions
2022-04-11 14:07:53,037:INFO:Importing libraries
2022-04-11 14:07:53,037:INFO:Copying training dataset
2022-04-11 14:07:53,038:INFO:Defining folds
2022-04-11 14:07:53,038:INFO:Declaring metric variables
2022-04-11 14:07:53,049:INFO:Importing untrained model
2022-04-11 14:07:53,059:INFO:Extreme Gradient Boosting Imported succesfully
2022-04-11 14:07:53,079:INFO:Starting cross validation
2022-04-11 14:07:53,082:INFO:Cross validating with StratifiedKFold(n_splits=10, random_state=None, shuffle=False), n_jobs=-1
2022-04-11 14:07:56,526:INFO:Calculating mean and std
2022-04-11 14:07:56,528:INFO:Creating metrics dataframe
2022-04-11 14:07:56,537:INFO:Uploading results into container
2022-04-11 14:07:56,537:INFO:Uploading model into container now
2022-04-11 14:07:56,537:INFO:create_model_container: 13
2022-04-11 14:07:56,538:INFO:master_model_container: 13
2022-04-11 14:07:56,538:INFO:display_container: 2
2022-04-11 14:07:56,540:INFO:XGBClassifier(base_score=None, booster='gbtree', colsample_bylevel=None,
              colsample_bynode=None, colsample_bytree=None, gamma=None,
              gpu_id=None, importance_type='gain', interaction_constraints=None,
              learning_rate=None, max_delta_step=None, max_depth=None,
              min_child_weight=None, missing=nan, monotone_constraints=None,
              n_estimators=100, n_jobs=-1, num_parallel_tree=None,
              objective='binary:logistic', random_state=776, reg_alpha=None,
              reg_lambda=None, scale_pos_weight=None, subsample=None,
              tree_method='auto', use_label_encoder=True,
              validate_parameters=None, verbosity=0)
2022-04-11 14:07:56,540:INFO:create_model() succesfully completed......................................
2022-04-11 14:07:57,021:INFO:SubProcess create_model() end ==================================
2022-04-11 14:07:57,021:INFO:Creating metrics dataframe
2022-04-11 14:07:57,045:INFO:Initializing Light Gradient Boosting Machine
2022-04-11 14:07:57,045:INFO:Total runtime is 0.5686153332392374 minutes
2022-04-11 14:07:57,056:INFO:SubProcess create_model() called ==================================
2022-04-11 14:07:57,057:INFO:Initializing create_model()
2022-04-11 14:07:57,057:INFO:create_model(estimator=lightgbm, fold=StratifiedKFold(n_splits=10, random_state=None, shuffle=False), round=4, cross_validation=True, predict=True, fit_kwargs={}, groups=None, refit=False, verbose=False, system=False, metrics=None, experiment_custom_tags=None, add_to_model_list=True, probability_threshold=None, display=<pycaret.internal.Display.Display object at 0x13449a4c0>, return_train_score=False, kwargs={})
2022-04-11 14:07:57,057:INFO:Checking exceptions
2022-04-11 14:07:57,057:INFO:Importing libraries
2022-04-11 14:07:57,058:INFO:Copying training dataset
2022-04-11 14:07:57,059:INFO:Defining folds
2022-04-11 14:07:57,059:INFO:Declaring metric variables
2022-04-11 14:07:57,070:INFO:Importing untrained model
2022-04-11 14:07:57,080:INFO:Light Gradient Boosting Machine Imported succesfully
2022-04-11 14:07:57,103:INFO:Starting cross validation
2022-04-11 14:07:57,105:INFO:Cross validating with StratifiedKFold(n_splits=10, random_state=None, shuffle=False), n_jobs=-1
2022-04-11 14:08:02,664:INFO:Calculating mean and std
2022-04-11 14:08:02,667:INFO:Creating metrics dataframe
2022-04-11 14:08:02,679:INFO:Uploading results into container
2022-04-11 14:08:02,679:INFO:Uploading model into container now
2022-04-11 14:08:02,679:INFO:create_model_container: 14
2022-04-11 14:08:02,679:INFO:master_model_container: 14
2022-04-11 14:08:02,680:INFO:display_container: 2
2022-04-11 14:08:02,681:INFO:LGBMClassifier(boosting_type='gbdt', class_weight=None, colsample_bytree=1.0,
               importance_type='split', learning_rate=0.1, max_depth=-1,
               min_child_samples=20, min_child_weight=0.001, min_split_gain=0.0,
               n_estimators=100, n_jobs=-1, num_leaves=31, objective=None,
               random_state=776, reg_alpha=0.0, reg_lambda=0.0, silent='warn',
               subsample=1.0, subsample_for_bin=200000, subsample_freq=0)
2022-04-11 14:08:02,681:INFO:create_model() succesfully completed......................................
2022-04-11 14:08:03,152:INFO:SubProcess create_model() end ==================================
2022-04-11 14:08:03,153:INFO:Creating metrics dataframe
2022-04-11 14:08:03,179:INFO:Initializing Dummy Classifier
2022-04-11 14:08:03,179:INFO:Total runtime is 0.6708448012669881 minutes
2022-04-11 14:08:03,189:INFO:SubProcess create_model() called ==================================
2022-04-11 14:08:03,189:INFO:Initializing create_model()
2022-04-11 14:08:03,190:INFO:create_model(estimator=dummy, fold=StratifiedKFold(n_splits=10, random_state=None, shuffle=False), round=4, cross_validation=True, predict=True, fit_kwargs={}, groups=None, refit=False, verbose=False, system=False, metrics=None, experiment_custom_tags=None, add_to_model_list=True, probability_threshold=None, display=<pycaret.internal.Display.Display object at 0x13449a4c0>, return_train_score=False, kwargs={})
2022-04-11 14:08:03,190:INFO:Checking exceptions
2022-04-11 14:08:03,190:INFO:Importing libraries
2022-04-11 14:08:03,190:INFO:Copying training dataset
2022-04-11 14:08:03,191:INFO:Defining folds
2022-04-11 14:08:03,192:INFO:Declaring metric variables
2022-04-11 14:08:03,203:INFO:Importing untrained model
2022-04-11 14:08:03,213:INFO:Dummy Classifier Imported succesfully
2022-04-11 14:08:03,233:INFO:Starting cross validation
2022-04-11 14:08:03,236:INFO:Cross validating with StratifiedKFold(n_splits=10, random_state=None, shuffle=False), n_jobs=-1
2022-04-11 14:08:03,288:INFO:Calculating mean and std
2022-04-11 14:08:03,289:INFO:Creating metrics dataframe
2022-04-11 14:08:03,295:INFO:Uploading results into container
2022-04-11 14:08:03,295:INFO:Uploading model into container now
2022-04-11 14:08:03,295:INFO:create_model_container: 15
2022-04-11 14:08:03,295:INFO:master_model_container: 15
2022-04-11 14:08:03,296:INFO:display_container: 2
2022-04-11 14:08:03,296:INFO:DummyClassifier(constant=None, random_state=776, strategy='prior')
2022-04-11 14:08:03,296:INFO:create_model() succesfully completed......................................
2022-04-11 14:08:03,733:INFO:SubProcess create_model() end ==================================
2022-04-11 14:08:03,733:INFO:Creating metrics dataframe
2022-04-11 14:08:03,786:INFO:Initializing create_model()
2022-04-11 14:08:03,786:INFO:create_model(estimator=QuadraticDiscriminantAnalysis(priors=None, reg_param=0.0,
                              store_covariance=False, tol=0.0001), fold=StratifiedKFold(n_splits=10, random_state=None, shuffle=False), round=4, cross_validation=False, predict=False, fit_kwargs={}, groups=None, refit=True, verbose=False, system=False, metrics=None, experiment_custom_tags=None, add_to_model_list=True, probability_threshold=None, display=None, return_train_score=False, kwargs={})
2022-04-11 14:08:03,787:INFO:Checking exceptions
2022-04-11 14:08:03,787:INFO:Importing libraries
2022-04-11 14:08:03,787:INFO:Copying training dataset
2022-04-11 14:08:03,787:INFO:Defining folds
2022-04-11 14:08:03,788:INFO:Declaring metric variables
2022-04-11 14:08:03,788:INFO:Importing untrained model
2022-04-11 14:08:03,788:INFO:Declaring custom model
2022-04-11 14:08:03,788:INFO:Quadratic Discriminant Analysis Imported succesfully
2022-04-11 14:08:03,788:INFO:Cross validation set to False
2022-04-11 14:08:03,788:INFO:Fitting Model
2022-04-11 14:08:03,793:INFO:QuadraticDiscriminantAnalysis(priors=None, reg_param=0.0,
                              store_covariance=False, tol=0.0001)
2022-04-11 14:08:03,793:INFO:create_models() succesfully completed......................................
2022-04-11 14:08:04,292:INFO:create_model_container: 15
2022-04-11 14:08:04,292:INFO:master_model_container: 15
2022-04-11 14:08:04,292:INFO:display_container: 2
2022-04-11 14:08:04,292:INFO:QuadraticDiscriminantAnalysis(priors=None, reg_param=0.0,
                              store_covariance=False, tol=0.0001)
2022-04-11 14:08:04,292:INFO:compare_models() succesfully completed......................................
2022-04-11 14:08:40,152:INFO:PyCaret Supervised Module
2022-04-11 14:08:40,152:INFO:ML Usecase: classification
2022-04-11 14:08:40,153:INFO:version 2.3.10
2022-04-11 14:08:40,153:INFO:Initializing setup()
2022-04-11 14:08:40,153:INFO:setup(target=Potability, ml_usecase=classification, available_plots={'parameter': 'Hyperparameters', 'auc': 'AUC', 'confusion_matrix': 'Confusion Matrix', 'threshold': 'Threshold', 'pr': 'Precision Recall', 'error': 'Prediction Error', 'class_report': 'Class Report', 'rfe': 'Feature Selection', 'learning': 'Learning Curve', 'manifold': 'Manifold Learning', 'calibration': 'Calibration Curve', 'vc': 'Validation Curve', 'dimension': 'Dimensions', 'feature': 'Feature Importance', 'feature_all': 'Feature Importance (All)', 'boundary': 'Decision Boundary', 'lift': 'Lift Chart', 'gain': 'Gain Chart', 'tree': 'Decision Tree', 'ks': 'KS Statistic Plot'}, train_size=0.7, test_data=None, preprocess=True, imputation_type=simple, iterative_imputation_iters=5, categorical_features=None, categorical_imputation=constant, categorical_iterative_imputer=lightgbm, ordinal_features=None, high_cardinality_features=None, high_cardinality_method=frequency, numeric_features=None, numeric_imputation=mean, numeric_iterative_imputer=lightgbm, date_features=None, ignore_features=None, normalize=False, normalize_method=zscore, transformation=False, transformation_method=yeo-johnson, handle_unknown_categorical=True, unknown_categorical_method=least_frequent, pca=False, pca_method=linear, pca_components=None, ignore_low_variance=False, combine_rare_levels=False, rare_level_threshold=0.1, bin_numeric_features=None, remove_outliers=False, outliers_threshold=0.05, remove_multicollinearity=False, multicollinearity_threshold=0.9, remove_perfect_collinearity=True, create_clusters=False, cluster_iter=20, polynomial_features=False, polynomial_degree=2, trigonometry_features=False, polynomial_threshold=0.1, group_features=None, group_names=None, feature_selection=False, feature_selection_threshold=0.8, feature_selection_method=classic, feature_interaction=False, feature_ratio=False, interaction_threshold=0.01, fix_imbalance=False, fix_imbalance_method=None, transform_target=False, transform_target_method=box-cox, data_split_shuffle=True, data_split_stratify=False, fold_strategy=stratifiedkfold, fold=10, fold_shuffle=False, fold_groups=None, n_jobs=-1, use_gpu=False, custom_pipeline=None, html=True, session_id=786, log_experiment=False, experiment_name=None, experiment_custom_tags=None, log_plots=False, log_profile=False, log_data=False, silent=True, verbose=True, profile=False, profile_kwargs=None, display=None)
2022-04-11 14:08:40,153:INFO:Checking environment
2022-04-11 14:08:40,153:INFO:python_version: 3.8.6
2022-04-11 14:08:40,153:INFO:python_build: ('default', 'Jul 12 2021 12:54:58')
2022-04-11 14:08:40,153:INFO:machine: x86_64
2022-04-11 14:08:40,154:INFO:platform: macOS-12.2.1-x86_64-i386-64bit
2022-04-11 14:08:40,154:INFO:Memory: svmem(total=17179869184, available=7717720064, percent=55.1, used=8661258240, free=1367887872, active=6517256192, inactive=6342078464, wired=2144002048)
2022-04-11 14:08:40,154:INFO:Physical Core: 4
2022-04-11 14:08:40,154:INFO:Logical Core: 8
2022-04-11 14:08:40,154:INFO:Checking libraries
2022-04-11 14:08:40,154:INFO:pd==1.3.0
2022-04-11 14:08:40,154:INFO:numpy==1.18.5
2022-04-11 14:08:40,154:INFO:sklearn==0.23.2
2022-04-11 14:08:40,154:INFO:lightgbm==3.3.2
2022-04-11 14:08:40,155:WARNING:catboost not found
2022-04-11 14:08:40,155:INFO:xgboost==1.4.2
2022-04-11 14:08:40,155:INFO:mlflow==1.19.0
2022-04-11 14:08:40,155:INFO:Checking Exceptions
2022-04-11 14:08:40,155:INFO:Declaring global variables
2022-04-11 14:08:40,155:INFO:USI: 1b7d
2022-04-11 14:08:40,156:INFO:pycaret_globals: {'fold_param', 'experiment__', '_all_metrics', '_all_models', '_ml_usecase', 'fold_generator', '_internal_pipeline', 'data_before_preprocess', 'transform_target_param', 'pycaret_globals', 'iterative_imputation_iters_param', 'create_model_container', 'html_param', 'n_jobs_param', 'USI', 'y', '_all_models_internal', 'transform_target_method_param', 'exp_name_log', 'logging_param', 'imputation_regressor', 'master_model_container', 'target_param', 'y_test', 'display_container', 'dashboard_logger', 'X', 'fold_groups_param_full', 'fold_groups_param', 'prep_pipe', 'X_test', 'X_train', 'fold_shuffle_param', 'seed', '_gpu_n_jobs_param', 'imputation_classifier', 'gpu_param', 'y_train', '_available_plots', 'log_plots_param', 'fix_imbalance_param', 'fix_imbalance_method_param', 'stratify_param'}
2022-04-11 14:08:40,156:INFO:Preparing display monitor
2022-04-11 14:08:40,156:INFO:Preparing display monitor
2022-04-11 14:08:40,171:INFO:Importing libraries
2022-04-11 14:08:40,171:INFO:Copying data for preprocessing
2022-04-11 14:08:40,180:INFO:Declaring preprocessing parameters
2022-04-11 14:08:40,181:INFO:Creating preprocessing pipeline
2022-04-11 14:08:40,194:INFO:Preprocessing pipeline created successfully
2022-04-11 14:08:40,194:ERROR:(Process Exit): setup has been interupted with user command 'quit'. setup must rerun.
2022-04-11 14:08:40,194:INFO:Creating global containers
2022-04-11 14:08:40,195:INFO:Internal pipeline: Pipeline(memory=None, steps=[('empty_step', 'passthrough')], verbose=False)
2022-04-11 14:08:40,442:WARNING:Couldn't import catboost.CatBoostClassifier
2022-04-11 14:08:40,542:WARNING:Couldn't import catboost.CatBoostClassifier
2022-04-11 14:08:40,543:INFO:Creating grid variables
2022-04-11 14:08:40,557:INFO:create_model_container: 0
2022-04-11 14:08:40,557:INFO:master_model_container: 0
2022-04-11 14:08:40,557:INFO:display_container: 1
2022-04-11 14:08:40,563:INFO:Pipeline(memory=None,
         steps=[('dtypes',
                 DataTypes_Auto_infer(categorical_features=[],
                                      display_types=False, features_todrop=[],
                                      id_columns=[],
                                      ml_usecase='classification',
                                      numerical_features=[],
                                      target='Potability', time_features=[])),
                ('imputer',
                 Simple_Imputer(categorical_strategy='not_available',
                                fill_value_categorical=None,
                                fill_value_numerical=None,
                                numeric_...
                ('scaling', 'passthrough'), ('P_transform', 'passthrough'),
                ('binn', 'passthrough'), ('rem_outliers', 'passthrough'),
                ('cluster_all', 'passthrough'),
                ('dummy', Dummify(target='Potability')),
                ('fix_perfect', Remove_100(target='Potability')),
                ('clean_names', Clean_Colum_Names()),
                ('feature_select', 'passthrough'), ('fix_multi', 'passthrough'),
                ('dfs', 'passthrough'), ('pca', 'passthrough')],
         verbose=False)
2022-04-11 14:08:40,563:INFO:setup() succesfully completed......................................
2022-04-11 14:08:41,028:INFO:Initializing compare_models()
2022-04-11 14:08:41,029:INFO:compare_models(include=None, fold=None, round=4, cross_validation=True, sort=Accuracy, n_select=1, budget_time=None, turbo=True, errors=ignore, fit_kwargs=None, groups=None, experiment_custom_tags=None, probability_threshold=None, verbose=True, display=None, exclude=None)
2022-04-11 14:08:41,029:INFO:Checking exceptions
2022-04-11 14:08:41,030:INFO:Preparing display monitor
2022-04-11 14:08:41,030:INFO:Preparing display monitor
2022-04-11 14:08:41,069:INFO:Initializing Logistic Regression
2022-04-11 14:08:41,070:INFO:Total runtime is 6.3141187032063804e-06 minutes
2022-04-11 14:08:41,084:INFO:SubProcess create_model() called ==================================
2022-04-11 14:08:41,085:INFO:Initializing create_model()
2022-04-11 14:08:41,085:INFO:create_model(estimator=lr, fold=StratifiedKFold(n_splits=10, random_state=None, shuffle=False), round=4, cross_validation=True, predict=True, fit_kwargs={}, groups=None, refit=False, verbose=False, system=False, metrics=None, experiment_custom_tags=None, add_to_model_list=True, probability_threshold=None, display=<pycaret.internal.Display.Display object at 0x134740100>, return_train_score=False, kwargs={})
2022-04-11 14:08:41,085:INFO:Checking exceptions
2022-04-11 14:08:41,086:INFO:Importing libraries
2022-04-11 14:08:41,086:INFO:Copying training dataset
2022-04-11 14:08:41,087:INFO:Defining folds
2022-04-11 14:08:41,087:INFO:Declaring metric variables
2022-04-11 14:08:41,097:INFO:Importing untrained model
2022-04-11 14:08:41,109:INFO:Logistic Regression Imported succesfully
2022-04-11 14:08:41,138:INFO:Starting cross validation
2022-04-11 14:08:41,139:INFO:Cross validating with StratifiedKFold(n_splits=10, random_state=None, shuffle=False), n_jobs=-1
2022-04-11 14:08:41,287:INFO:Calculating mean and std
2022-04-11 14:08:41,289:INFO:Creating metrics dataframe
2022-04-11 14:08:41,299:INFO:Uploading results into container
2022-04-11 14:08:41,299:INFO:Uploading model into container now
2022-04-11 14:08:41,299:INFO:create_model_container: 1
2022-04-11 14:08:41,300:INFO:master_model_container: 1
2022-04-11 14:08:41,300:INFO:display_container: 2
2022-04-11 14:08:41,301:INFO:LogisticRegression(C=1.0, class_weight=None, dual=False, fit_intercept=True,
                   intercept_scaling=1, l1_ratio=None, max_iter=1000,
                   multi_class='auto', n_jobs=None, penalty='l2',
                   random_state=786, solver='lbfgs', tol=0.0001, verbose=0,
                   warm_start=False)
2022-04-11 14:08:41,301:INFO:create_model() succesfully completed......................................
2022-04-11 14:08:41,772:INFO:SubProcess create_model() end ==================================
2022-04-11 14:08:41,772:INFO:Creating metrics dataframe
2022-04-11 14:08:41,790:INFO:Initializing K Neighbors Classifier
2022-04-11 14:08:41,790:INFO:Total runtime is 0.012015982468922931 minutes
2022-04-11 14:08:41,799:INFO:SubProcess create_model() called ==================================
2022-04-11 14:08:41,800:INFO:Initializing create_model()
2022-04-11 14:08:41,801:INFO:create_model(estimator=knn, fold=StratifiedKFold(n_splits=10, random_state=None, shuffle=False), round=4, cross_validation=True, predict=True, fit_kwargs={}, groups=None, refit=False, verbose=False, system=False, metrics=None, experiment_custom_tags=None, add_to_model_list=True, probability_threshold=None, display=<pycaret.internal.Display.Display object at 0x134740100>, return_train_score=False, kwargs={})
2022-04-11 14:08:41,801:INFO:Checking exceptions
2022-04-11 14:08:41,801:INFO:Importing libraries
2022-04-11 14:08:41,801:INFO:Copying training dataset
2022-04-11 14:08:41,802:INFO:Defining folds
2022-04-11 14:08:41,802:INFO:Declaring metric variables
2022-04-11 14:08:41,813:INFO:Importing untrained model
2022-04-11 14:08:41,822:INFO:K Neighbors Classifier Imported succesfully
2022-04-11 14:08:41,846:INFO:Starting cross validation
2022-04-11 14:08:41,847:INFO:Cross validating with StratifiedKFold(n_splits=10, random_state=None, shuffle=False), n_jobs=-1
2022-04-11 14:08:41,974:INFO:Calculating mean and std
2022-04-11 14:08:41,978:INFO:Creating metrics dataframe
2022-04-11 14:08:41,984:INFO:Uploading results into container
2022-04-11 14:08:41,985:INFO:Uploading model into container now
2022-04-11 14:08:41,985:INFO:create_model_container: 2
2022-04-11 14:08:41,985:INFO:master_model_container: 2
2022-04-11 14:08:41,985:INFO:display_container: 2
2022-04-11 14:08:41,986:INFO:KNeighborsClassifier(algorithm='auto', leaf_size=30, metric='minkowski',
                     metric_params=None, n_jobs=-1, n_neighbors=5, p=2,
                     weights='uniform')
2022-04-11 14:08:41,986:INFO:create_model() succesfully completed......................................
2022-04-11 14:08:42,458:INFO:SubProcess create_model() end ==================================
2022-04-11 14:08:42,458:INFO:Creating metrics dataframe
2022-04-11 14:08:42,480:INFO:Initializing Naive Bayes
2022-04-11 14:08:42,480:INFO:Total runtime is 0.02350976864496867 minutes
2022-04-11 14:08:42,489:INFO:SubProcess create_model() called ==================================
2022-04-11 14:08:42,490:INFO:Initializing create_model()
2022-04-11 14:08:42,490:INFO:create_model(estimator=nb, fold=StratifiedKFold(n_splits=10, random_state=None, shuffle=False), round=4, cross_validation=True, predict=True, fit_kwargs={}, groups=None, refit=False, verbose=False, system=False, metrics=None, experiment_custom_tags=None, add_to_model_list=True, probability_threshold=None, display=<pycaret.internal.Display.Display object at 0x134740100>, return_train_score=False, kwargs={})
2022-04-11 14:08:42,490:INFO:Checking exceptions
2022-04-11 14:08:42,490:INFO:Importing libraries
2022-04-11 14:08:42,491:INFO:Copying training dataset
2022-04-11 14:08:42,492:INFO:Defining folds
2022-04-11 14:08:42,492:INFO:Declaring metric variables
2022-04-11 14:08:42,502:INFO:Importing untrained model
2022-04-11 14:08:42,512:INFO:Naive Bayes Imported succesfully
2022-04-11 14:08:42,533:INFO:Starting cross validation
2022-04-11 14:08:42,534:INFO:Cross validating with StratifiedKFold(n_splits=10, random_state=None, shuffle=False), n_jobs=-1
2022-04-11 14:08:42,606:INFO:Calculating mean and std
2022-04-11 14:08:42,607:INFO:Creating metrics dataframe
2022-04-11 14:08:42,613:INFO:Uploading results into container
2022-04-11 14:08:42,613:INFO:Uploading model into container now
2022-04-11 14:08:42,614:INFO:create_model_container: 3
2022-04-11 14:08:42,614:INFO:master_model_container: 3
2022-04-11 14:08:42,614:INFO:display_container: 2
2022-04-11 14:08:42,614:INFO:GaussianNB(priors=None, var_smoothing=1e-09)
2022-04-11 14:08:42,614:INFO:create_model() succesfully completed......................................
2022-04-11 14:08:43,035:INFO:SubProcess create_model() end ==================================
2022-04-11 14:08:43,035:INFO:Creating metrics dataframe
2022-04-11 14:08:43,054:INFO:Initializing Decision Tree Classifier
2022-04-11 14:08:43,055:INFO:Total runtime is 0.03309191862742106 minutes
2022-04-11 14:08:43,064:INFO:SubProcess create_model() called ==================================
2022-04-11 14:08:43,064:INFO:Initializing create_model()
2022-04-11 14:08:43,064:INFO:create_model(estimator=dt, fold=StratifiedKFold(n_splits=10, random_state=None, shuffle=False), round=4, cross_validation=True, predict=True, fit_kwargs={}, groups=None, refit=False, verbose=False, system=False, metrics=None, experiment_custom_tags=None, add_to_model_list=True, probability_threshold=None, display=<pycaret.internal.Display.Display object at 0x134740100>, return_train_score=False, kwargs={})
2022-04-11 14:08:43,064:INFO:Checking exceptions
2022-04-11 14:08:43,065:INFO:Importing libraries
2022-04-11 14:08:43,065:INFO:Copying training dataset
2022-04-11 14:08:43,067:INFO:Defining folds
2022-04-11 14:08:43,067:INFO:Declaring metric variables
2022-04-11 14:08:43,079:INFO:Importing untrained model
2022-04-11 14:08:43,089:INFO:Decision Tree Classifier Imported succesfully
2022-04-11 14:08:43,110:INFO:Starting cross validation
2022-04-11 14:08:43,111:INFO:Cross validating with StratifiedKFold(n_splits=10, random_state=None, shuffle=False), n_jobs=-1
2022-04-11 14:08:43,210:INFO:Calculating mean and std
2022-04-11 14:08:43,211:INFO:Creating metrics dataframe
2022-04-11 14:08:43,217:INFO:Uploading results into container
2022-04-11 14:08:43,217:INFO:Uploading model into container now
2022-04-11 14:08:43,217:INFO:create_model_container: 4
2022-04-11 14:08:43,218:INFO:master_model_container: 4
2022-04-11 14:08:43,218:INFO:display_container: 2
2022-04-11 14:08:43,218:INFO:DecisionTreeClassifier(ccp_alpha=0.0, class_weight=None, criterion='gini',
                       max_depth=None, max_features=None, max_leaf_nodes=None,
                       min_impurity_decrease=0.0, min_impurity_split=None,
                       min_samples_leaf=1, min_samples_split=2,
                       min_weight_fraction_leaf=0.0, presort='deprecated',
                       random_state=786, splitter='best')
2022-04-11 14:08:43,218:INFO:create_model() succesfully completed......................................
2022-04-11 14:08:43,636:INFO:SubProcess create_model() end ==================================
2022-04-11 14:08:43,636:INFO:Creating metrics dataframe
2022-04-11 14:08:43,657:INFO:Initializing SVM - Linear Kernel
2022-04-11 14:08:43,658:INFO:Total runtime is 0.043138484160105385 minutes
2022-04-11 14:08:43,669:INFO:SubProcess create_model() called ==================================
2022-04-11 14:08:43,670:INFO:Initializing create_model()
2022-04-11 14:08:43,670:INFO:create_model(estimator=svm, fold=StratifiedKFold(n_splits=10, random_state=None, shuffle=False), round=4, cross_validation=True, predict=True, fit_kwargs={}, groups=None, refit=False, verbose=False, system=False, metrics=None, experiment_custom_tags=None, add_to_model_list=True, probability_threshold=None, display=<pycaret.internal.Display.Display object at 0x134740100>, return_train_score=False, kwargs={})
2022-04-11 14:08:43,671:INFO:Checking exceptions
2022-04-11 14:08:43,671:INFO:Importing libraries
2022-04-11 14:08:43,671:INFO:Copying training dataset
2022-04-11 14:08:43,673:INFO:Defining folds
2022-04-11 14:08:43,673:INFO:Declaring metric variables
2022-04-11 14:08:43,683:INFO:Importing untrained model
2022-04-11 14:08:43,695:INFO:SVM - Linear Kernel Imported succesfully
2022-04-11 14:08:43,718:INFO:Starting cross validation
2022-04-11 14:08:43,719:INFO:Cross validating with StratifiedKFold(n_splits=10, random_state=None, shuffle=False), n_jobs=-1
2022-04-11 14:08:43,806:INFO:Calculating mean and std
2022-04-11 14:08:43,808:INFO:Creating metrics dataframe
2022-04-11 14:08:43,814:INFO:Uploading results into container
2022-04-11 14:08:43,814:INFO:Uploading model into container now
2022-04-11 14:08:43,814:INFO:create_model_container: 5
2022-04-11 14:08:43,814:INFO:master_model_container: 5
2022-04-11 14:08:43,814:INFO:display_container: 2
2022-04-11 14:08:43,815:INFO:SGDClassifier(alpha=0.0001, average=False, class_weight=None,
              early_stopping=False, epsilon=0.1, eta0=0.001, fit_intercept=True,
              l1_ratio=0.15, learning_rate='optimal', loss='hinge',
              max_iter=1000, n_iter_no_change=5, n_jobs=-1, penalty='l2',
              power_t=0.5, random_state=786, shuffle=True, tol=0.001,
              validation_fraction=0.1, verbose=0, warm_start=False)
2022-04-11 14:08:43,815:INFO:create_model() succesfully completed......................................
2022-04-11 14:08:44,231:INFO:SubProcess create_model() end ==================================
2022-04-11 14:08:44,232:INFO:Creating metrics dataframe
2022-04-11 14:08:44,251:INFO:Initializing Ridge Classifier
2022-04-11 14:08:44,252:INFO:Total runtime is 0.05304088195164998 minutes
2022-04-11 14:08:44,261:INFO:SubProcess create_model() called ==================================
2022-04-11 14:08:44,262:INFO:Initializing create_model()
2022-04-11 14:08:44,262:INFO:create_model(estimator=ridge, fold=StratifiedKFold(n_splits=10, random_state=None, shuffle=False), round=4, cross_validation=True, predict=True, fit_kwargs={}, groups=None, refit=False, verbose=False, system=False, metrics=None, experiment_custom_tags=None, add_to_model_list=True, probability_threshold=None, display=<pycaret.internal.Display.Display object at 0x134740100>, return_train_score=False, kwargs={})
2022-04-11 14:08:44,262:INFO:Checking exceptions
2022-04-11 14:08:44,262:INFO:Importing libraries
2022-04-11 14:08:44,263:INFO:Copying training dataset
2022-04-11 14:08:44,264:INFO:Defining folds
2022-04-11 14:08:44,264:INFO:Declaring metric variables
2022-04-11 14:08:44,273:INFO:Importing untrained model
2022-04-11 14:08:44,345:INFO:Ridge Classifier Imported succesfully
2022-04-11 14:08:44,376:INFO:Starting cross validation
2022-04-11 14:08:44,377:INFO:Cross validating with StratifiedKFold(n_splits=10, random_state=None, shuffle=False), n_jobs=-1
2022-04-11 14:08:44,443:INFO:Calculating mean and std
2022-04-11 14:08:44,444:INFO:Creating metrics dataframe
2022-04-11 14:08:44,450:INFO:Uploading results into container
2022-04-11 14:08:44,451:INFO:Uploading model into container now
2022-04-11 14:08:44,451:INFO:create_model_container: 6
2022-04-11 14:08:44,451:INFO:master_model_container: 6
2022-04-11 14:08:44,451:INFO:display_container: 2
2022-04-11 14:08:44,451:INFO:RidgeClassifier(alpha=1.0, class_weight=None, copy_X=True, fit_intercept=True,
                max_iter=None, normalize=False, random_state=786, solver='auto',
                tol=0.001)
2022-04-11 14:08:44,452:INFO:create_model() succesfully completed......................................
2022-04-11 14:08:44,887:INFO:SubProcess create_model() end ==================================
2022-04-11 14:08:44,889:INFO:Creating metrics dataframe
2022-04-11 14:08:44,909:INFO:Initializing Random Forest Classifier
2022-04-11 14:08:44,909:INFO:Total runtime is 0.06399465004603068 minutes
2022-04-11 14:08:44,919:INFO:SubProcess create_model() called ==================================
2022-04-11 14:08:44,919:INFO:Initializing create_model()
2022-04-11 14:08:44,919:INFO:create_model(estimator=rf, fold=StratifiedKFold(n_splits=10, random_state=None, shuffle=False), round=4, cross_validation=True, predict=True, fit_kwargs={}, groups=None, refit=False, verbose=False, system=False, metrics=None, experiment_custom_tags=None, add_to_model_list=True, probability_threshold=None, display=<pycaret.internal.Display.Display object at 0x134740100>, return_train_score=False, kwargs={})
2022-04-11 14:08:44,920:INFO:Checking exceptions
2022-04-11 14:08:44,920:INFO:Importing libraries
2022-04-11 14:08:44,920:INFO:Copying training dataset
2022-04-11 14:08:44,922:INFO:Defining folds
2022-04-11 14:08:44,922:INFO:Declaring metric variables
2022-04-11 14:08:44,931:INFO:Importing untrained model
2022-04-11 14:08:44,941:INFO:Random Forest Classifier Imported succesfully
2022-04-11 14:08:44,960:INFO:Starting cross validation
2022-04-11 14:08:44,961:INFO:Cross validating with StratifiedKFold(n_splits=10, random_state=None, shuffle=False), n_jobs=-1
2022-04-11 14:08:46,680:INFO:Calculating mean and std
2022-04-11 14:08:46,681:INFO:Creating metrics dataframe
2022-04-11 14:08:46,688:INFO:Uploading results into container
2022-04-11 14:08:46,688:INFO:Uploading model into container now
2022-04-11 14:08:46,688:INFO:create_model_container: 7
2022-04-11 14:08:46,688:INFO:master_model_container: 7
2022-04-11 14:08:46,688:INFO:display_container: 2
2022-04-11 14:08:46,689:INFO:RandomForestClassifier(bootstrap=True, ccp_alpha=0.0, class_weight=None,
                       criterion='gini', max_depth=None, max_features='auto',
                       max_leaf_nodes=None, max_samples=None,
                       min_impurity_decrease=0.0, min_impurity_split=None,
                       min_samples_leaf=1, min_samples_split=2,
                       min_weight_fraction_leaf=0.0, n_estimators=100,
                       n_jobs=-1, oob_score=False, random_state=786, verbose=0,
                       warm_start=False)
2022-04-11 14:08:46,689:INFO:create_model() succesfully completed......................................
2022-04-11 14:08:47,110:INFO:SubProcess create_model() end ==================================
2022-04-11 14:08:47,110:INFO:Creating metrics dataframe
2022-04-11 14:08:47,131:INFO:Initializing Quadratic Discriminant Analysis
2022-04-11 14:08:47,131:INFO:Total runtime is 0.1010320504506429 minutes
2022-04-11 14:08:47,142:INFO:SubProcess create_model() called ==================================
2022-04-11 14:08:47,142:INFO:Initializing create_model()
2022-04-11 14:08:47,143:INFO:create_model(estimator=qda, fold=StratifiedKFold(n_splits=10, random_state=None, shuffle=False), round=4, cross_validation=True, predict=True, fit_kwargs={}, groups=None, refit=False, verbose=False, system=False, metrics=None, experiment_custom_tags=None, add_to_model_list=True, probability_threshold=None, display=<pycaret.internal.Display.Display object at 0x134740100>, return_train_score=False, kwargs={})
2022-04-11 14:08:47,143:INFO:Checking exceptions
2022-04-11 14:08:47,143:INFO:Importing libraries
2022-04-11 14:08:47,143:INFO:Copying training dataset
2022-04-11 14:08:47,145:INFO:Defining folds
2022-04-11 14:08:47,145:INFO:Declaring metric variables
2022-04-11 14:08:47,160:INFO:Importing untrained model
2022-04-11 14:08:47,170:INFO:Quadratic Discriminant Analysis Imported succesfully
2022-04-11 14:08:47,192:INFO:Starting cross validation
2022-04-11 14:08:47,193:INFO:Cross validating with StratifiedKFold(n_splits=10, random_state=None, shuffle=False), n_jobs=-1
2022-04-11 14:08:47,271:INFO:Calculating mean and std
2022-04-11 14:08:47,272:INFO:Creating metrics dataframe
2022-04-11 14:08:47,279:INFO:Uploading results into container
2022-04-11 14:08:47,279:INFO:Uploading model into container now
2022-04-11 14:08:47,279:INFO:create_model_container: 8
2022-04-11 14:08:47,280:INFO:master_model_container: 8
2022-04-11 14:08:47,280:INFO:display_container: 2
2022-04-11 14:08:47,280:INFO:QuadraticDiscriminantAnalysis(priors=None, reg_param=0.0,
                              store_covariance=False, tol=0.0001)
2022-04-11 14:08:47,280:INFO:create_model() succesfully completed......................................
2022-04-11 14:08:47,696:INFO:SubProcess create_model() end ==================================
2022-04-11 14:08:47,696:INFO:Creating metrics dataframe
2022-04-11 14:08:47,719:INFO:Initializing Ada Boost Classifier
2022-04-11 14:08:47,720:INFO:Total runtime is 0.11083966890970864 minutes
2022-04-11 14:08:47,731:INFO:SubProcess create_model() called ==================================
2022-04-11 14:08:47,731:INFO:Initializing create_model()
2022-04-11 14:08:47,732:INFO:create_model(estimator=ada, fold=StratifiedKFold(n_splits=10, random_state=None, shuffle=False), round=4, cross_validation=True, predict=True, fit_kwargs={}, groups=None, refit=False, verbose=False, system=False, metrics=None, experiment_custom_tags=None, add_to_model_list=True, probability_threshold=None, display=<pycaret.internal.Display.Display object at 0x134740100>, return_train_score=False, kwargs={})
2022-04-11 14:08:47,732:INFO:Checking exceptions
2022-04-11 14:08:47,732:INFO:Importing libraries
2022-04-11 14:08:47,732:INFO:Copying training dataset
2022-04-11 14:08:47,733:INFO:Defining folds
2022-04-11 14:08:47,733:INFO:Declaring metric variables
2022-04-11 14:08:47,742:INFO:Importing untrained model
2022-04-11 14:08:47,754:INFO:Ada Boost Classifier Imported succesfully
2022-04-11 14:08:47,774:INFO:Starting cross validation
2022-04-11 14:08:47,775:INFO:Cross validating with StratifiedKFold(n_splits=10, random_state=None, shuffle=False), n_jobs=-1
2022-04-11 14:08:48,408:INFO:Calculating mean and std
2022-04-11 14:08:48,410:INFO:Creating metrics dataframe
2022-04-11 14:08:48,416:INFO:Uploading results into container
2022-04-11 14:08:48,416:INFO:Uploading model into container now
2022-04-11 14:08:48,416:INFO:create_model_container: 9
2022-04-11 14:08:48,416:INFO:master_model_container: 9
2022-04-11 14:08:48,416:INFO:display_container: 2
2022-04-11 14:08:48,417:INFO:AdaBoostClassifier(algorithm='SAMME.R', base_estimator=None, learning_rate=1.0,
                   n_estimators=50, random_state=786)
2022-04-11 14:08:48,417:INFO:create_model() succesfully completed......................................
2022-04-11 14:08:48,845:INFO:SubProcess create_model() end ==================================
2022-04-11 14:08:48,845:INFO:Creating metrics dataframe
2022-04-11 14:08:48,870:INFO:Initializing Gradient Boosting Classifier
2022-04-11 14:08:48,870:INFO:Total runtime is 0.1300128698348999 minutes
2022-04-11 14:08:48,880:INFO:SubProcess create_model() called ==================================
2022-04-11 14:08:48,881:INFO:Initializing create_model()
2022-04-11 14:08:48,881:INFO:create_model(estimator=gbc, fold=StratifiedKFold(n_splits=10, random_state=None, shuffle=False), round=4, cross_validation=True, predict=True, fit_kwargs={}, groups=None, refit=False, verbose=False, system=False, metrics=None, experiment_custom_tags=None, add_to_model_list=True, probability_threshold=None, display=<pycaret.internal.Display.Display object at 0x134740100>, return_train_score=False, kwargs={})
2022-04-11 14:08:48,881:INFO:Checking exceptions
2022-04-11 14:08:48,881:INFO:Importing libraries
2022-04-11 14:08:48,882:INFO:Copying training dataset
2022-04-11 14:08:48,883:INFO:Defining folds
2022-04-11 14:08:48,883:INFO:Declaring metric variables
2022-04-11 14:08:48,893:INFO:Importing untrained model
2022-04-11 14:08:48,902:INFO:Gradient Boosting Classifier Imported succesfully
2022-04-11 14:08:48,921:INFO:Starting cross validation
2022-04-11 14:08:48,922:INFO:Cross validating with StratifiedKFold(n_splits=10, random_state=None, shuffle=False), n_jobs=-1
2022-04-11 14:08:50,102:INFO:Calculating mean and std
2022-04-11 14:08:50,103:INFO:Creating metrics dataframe
2022-04-11 14:08:50,110:INFO:Uploading results into container
2022-04-11 14:08:50,110:INFO:Uploading model into container now
2022-04-11 14:08:50,110:INFO:create_model_container: 10
2022-04-11 14:08:50,110:INFO:master_model_container: 10
2022-04-11 14:08:50,110:INFO:display_container: 2
2022-04-11 14:08:50,111:INFO:GradientBoostingClassifier(ccp_alpha=0.0, criterion='friedman_mse', init=None,
                           learning_rate=0.1, loss='deviance', max_depth=3,
                           max_features=None, max_leaf_nodes=None,
                           min_impurity_decrease=0.0, min_impurity_split=None,
                           min_samples_leaf=1, min_samples_split=2,
                           min_weight_fraction_leaf=0.0, n_estimators=100,
                           n_iter_no_change=None, presort='deprecated',
                           random_state=786, subsample=1.0, tol=0.0001,
                           validation_fraction=0.1, verbose=0,
                           warm_start=False)
2022-04-11 14:08:50,111:INFO:create_model() succesfully completed......................................
2022-04-11 14:08:50,547:INFO:SubProcess create_model() end ==================================
2022-04-11 14:08:50,547:INFO:Creating metrics dataframe
2022-04-11 14:08:50,569:INFO:Initializing Linear Discriminant Analysis
2022-04-11 14:08:50,569:INFO:Total runtime is 0.15832986434300741 minutes
2022-04-11 14:08:50,579:INFO:SubProcess create_model() called ==================================
2022-04-11 14:08:50,579:INFO:Initializing create_model()
2022-04-11 14:08:50,580:INFO:create_model(estimator=lda, fold=StratifiedKFold(n_splits=10, random_state=None, shuffle=False), round=4, cross_validation=True, predict=True, fit_kwargs={}, groups=None, refit=False, verbose=False, system=False, metrics=None, experiment_custom_tags=None, add_to_model_list=True, probability_threshold=None, display=<pycaret.internal.Display.Display object at 0x134740100>, return_train_score=False, kwargs={})
2022-04-11 14:08:50,580:INFO:Checking exceptions
2022-04-11 14:08:50,580:INFO:Importing libraries
2022-04-11 14:08:50,580:INFO:Copying training dataset
2022-04-11 14:08:50,581:INFO:Defining folds
2022-04-11 14:08:50,582:INFO:Declaring metric variables
2022-04-11 14:08:50,591:INFO:Importing untrained model
2022-04-11 14:08:50,602:INFO:Linear Discriminant Analysis Imported succesfully
2022-04-11 14:08:50,622:INFO:Starting cross validation
2022-04-11 14:08:50,623:INFO:Cross validating with StratifiedKFold(n_splits=10, random_state=None, shuffle=False), n_jobs=-1
2022-04-11 14:08:50,694:INFO:Calculating mean and std
2022-04-11 14:08:50,695:INFO:Creating metrics dataframe
2022-04-11 14:08:50,702:INFO:Uploading results into container
2022-04-11 14:08:50,702:INFO:Uploading model into container now
2022-04-11 14:08:50,702:INFO:create_model_container: 11
2022-04-11 14:08:50,702:INFO:master_model_container: 11
2022-04-11 14:08:50,702:INFO:display_container: 2
2022-04-11 14:08:50,703:INFO:LinearDiscriminantAnalysis(n_components=None, priors=None, shrinkage=None,
                           solver='svd', store_covariance=False, tol=0.0001)
2022-04-11 14:08:50,703:INFO:create_model() succesfully completed......................................
2022-04-11 14:08:51,130:INFO:SubProcess create_model() end ==================================
2022-04-11 14:08:51,130:INFO:Creating metrics dataframe
2022-04-11 14:08:51,154:INFO:Initializing Extra Trees Classifier
2022-04-11 14:08:51,154:INFO:Total runtime is 0.1680846691131592 minutes
2022-04-11 14:08:51,165:INFO:SubProcess create_model() called ==================================
2022-04-11 14:08:51,165:INFO:Initializing create_model()
2022-04-11 14:08:51,166:INFO:create_model(estimator=et, fold=StratifiedKFold(n_splits=10, random_state=None, shuffle=False), round=4, cross_validation=True, predict=True, fit_kwargs={}, groups=None, refit=False, verbose=False, system=False, metrics=None, experiment_custom_tags=None, add_to_model_list=True, probability_threshold=None, display=<pycaret.internal.Display.Display object at 0x134740100>, return_train_score=False, kwargs={})
2022-04-11 14:08:51,166:INFO:Checking exceptions
2022-04-11 14:08:51,166:INFO:Importing libraries
2022-04-11 14:08:51,166:INFO:Copying training dataset
2022-04-11 14:08:51,168:INFO:Defining folds
2022-04-11 14:08:51,168:INFO:Declaring metric variables
2022-04-11 14:08:51,178:INFO:Importing untrained model
2022-04-11 14:08:51,188:INFO:Extra Trees Classifier Imported succesfully
2022-04-11 14:08:51,209:INFO:Starting cross validation
2022-04-11 14:08:51,210:INFO:Cross validating with StratifiedKFold(n_splits=10, random_state=None, shuffle=False), n_jobs=-1
2022-04-11 14:08:52,360:INFO:Calculating mean and std
2022-04-11 14:08:52,361:INFO:Creating metrics dataframe
2022-04-11 14:08:52,368:INFO:Uploading results into container
2022-04-11 14:08:52,368:INFO:Uploading model into container now
2022-04-11 14:08:52,368:INFO:create_model_container: 12
2022-04-11 14:08:52,368:INFO:master_model_container: 12
2022-04-11 14:08:52,368:INFO:display_container: 2
2022-04-11 14:08:52,369:INFO:ExtraTreesClassifier(bootstrap=False, ccp_alpha=0.0, class_weight=None,
                     criterion='gini', max_depth=None, max_features='auto',
                     max_leaf_nodes=None, max_samples=None,
                     min_impurity_decrease=0.0, min_impurity_split=None,
                     min_samples_leaf=1, min_samples_split=2,
                     min_weight_fraction_leaf=0.0, n_estimators=100, n_jobs=-1,
                     oob_score=False, random_state=786, verbose=0,
                     warm_start=False)
2022-04-11 14:08:52,369:INFO:create_model() succesfully completed......................................
2022-04-11 14:08:52,790:INFO:SubProcess create_model() end ==================================
2022-04-11 14:08:52,790:INFO:Creating metrics dataframe
2022-04-11 14:08:52,815:INFO:Initializing Extreme Gradient Boosting
2022-04-11 14:08:52,815:INFO:Total runtime is 0.1957683841387431 minutes
2022-04-11 14:08:52,826:INFO:SubProcess create_model() called ==================================
2022-04-11 14:08:52,826:INFO:Initializing create_model()
2022-04-11 14:08:52,827:INFO:create_model(estimator=xgboost, fold=StratifiedKFold(n_splits=10, random_state=None, shuffle=False), round=4, cross_validation=True, predict=True, fit_kwargs={}, groups=None, refit=False, verbose=False, system=False, metrics=None, experiment_custom_tags=None, add_to_model_list=True, probability_threshold=None, display=<pycaret.internal.Display.Display object at 0x134740100>, return_train_score=False, kwargs={})
2022-04-11 14:08:52,827:INFO:Checking exceptions
2022-04-11 14:08:52,827:INFO:Importing libraries
2022-04-11 14:08:52,827:INFO:Copying training dataset
2022-04-11 14:08:52,829:INFO:Defining folds
2022-04-11 14:08:52,829:INFO:Declaring metric variables
2022-04-11 14:08:52,839:INFO:Importing untrained model
2022-04-11 14:08:52,850:INFO:Extreme Gradient Boosting Imported succesfully
2022-04-11 14:08:52,870:INFO:Starting cross validation
2022-04-11 14:08:52,872:INFO:Cross validating with StratifiedKFold(n_splits=10, random_state=None, shuffle=False), n_jobs=-1
2022-04-11 14:08:56,482:INFO:Calculating mean and std
2022-04-11 14:08:56,486:INFO:Creating metrics dataframe
2022-04-11 14:08:56,495:INFO:Uploading results into container
2022-04-11 14:08:56,496:INFO:Uploading model into container now
2022-04-11 14:08:56,496:INFO:create_model_container: 13
2022-04-11 14:08:56,496:INFO:master_model_container: 13
2022-04-11 14:08:56,496:INFO:display_container: 2
2022-04-11 14:08:56,498:INFO:XGBClassifier(base_score=None, booster='gbtree', colsample_bylevel=None,
              colsample_bynode=None, colsample_bytree=None, gamma=None,
              gpu_id=None, importance_type='gain', interaction_constraints=None,
              learning_rate=None, max_delta_step=None, max_depth=None,
              min_child_weight=None, missing=nan, monotone_constraints=None,
              n_estimators=100, n_jobs=-1, num_parallel_tree=None,
              objective='binary:logistic', random_state=786, reg_alpha=None,
              reg_lambda=None, scale_pos_weight=None, subsample=None,
              tree_method='auto', use_label_encoder=True,
              validate_parameters=None, verbosity=0)
2022-04-11 14:08:56,498:INFO:create_model() succesfully completed......................................
2022-04-11 14:08:56,974:INFO:SubProcess create_model() end ==================================
2022-04-11 14:08:56,974:INFO:Creating metrics dataframe
2022-04-11 14:08:56,996:INFO:Initializing Light Gradient Boosting Machine
2022-04-11 14:08:56,997:INFO:Total runtime is 0.2654590686162313 minutes
2022-04-11 14:08:57,008:INFO:SubProcess create_model() called ==================================
2022-04-11 14:08:57,008:INFO:Initializing create_model()
2022-04-11 14:08:57,009:INFO:create_model(estimator=lightgbm, fold=StratifiedKFold(n_splits=10, random_state=None, shuffle=False), round=4, cross_validation=True, predict=True, fit_kwargs={}, groups=None, refit=False, verbose=False, system=False, metrics=None, experiment_custom_tags=None, add_to_model_list=True, probability_threshold=None, display=<pycaret.internal.Display.Display object at 0x134740100>, return_train_score=False, kwargs={})
2022-04-11 14:08:57,009:INFO:Checking exceptions
2022-04-11 14:08:57,009:INFO:Importing libraries
2022-04-11 14:08:57,009:INFO:Copying training dataset
2022-04-11 14:08:57,011:INFO:Defining folds
2022-04-11 14:08:57,011:INFO:Declaring metric variables
2022-04-11 14:08:57,021:INFO:Importing untrained model
2022-04-11 14:08:57,032:INFO:Light Gradient Boosting Machine Imported succesfully
2022-04-11 14:08:57,054:INFO:Starting cross validation
2022-04-11 14:08:57,055:INFO:Cross validating with StratifiedKFold(n_splits=10, random_state=None, shuffle=False), n_jobs=-1
2022-04-11 14:09:02,281:INFO:Calculating mean and std
2022-04-11 14:09:02,283:INFO:Creating metrics dataframe
2022-04-11 14:09:02,292:INFO:Uploading results into container
2022-04-11 14:09:02,292:INFO:Uploading model into container now
2022-04-11 14:09:02,293:INFO:create_model_container: 14
2022-04-11 14:09:02,293:INFO:master_model_container: 14
2022-04-11 14:09:02,293:INFO:display_container: 2
2022-04-11 14:09:02,294:INFO:LGBMClassifier(boosting_type='gbdt', class_weight=None, colsample_bytree=1.0,
               importance_type='split', learning_rate=0.1, max_depth=-1,
               min_child_samples=20, min_child_weight=0.001, min_split_gain=0.0,
               n_estimators=100, n_jobs=-1, num_leaves=31, objective=None,
               random_state=786, reg_alpha=0.0, reg_lambda=0.0, silent='warn',
               subsample=1.0, subsample_for_bin=200000, subsample_freq=0)
2022-04-11 14:09:02,294:INFO:create_model() succesfully completed......................................
2022-04-11 14:09:02,776:INFO:SubProcess create_model() end ==================================
2022-04-11 14:09:02,776:INFO:Creating metrics dataframe
2022-04-11 14:09:02,799:INFO:Initializing Dummy Classifier
2022-04-11 14:09:02,799:INFO:Total runtime is 0.36216963529586793 minutes
2022-04-11 14:09:02,810:INFO:SubProcess create_model() called ==================================
2022-04-11 14:09:02,810:INFO:Initializing create_model()
2022-04-11 14:09:02,811:INFO:create_model(estimator=dummy, fold=StratifiedKFold(n_splits=10, random_state=None, shuffle=False), round=4, cross_validation=True, predict=True, fit_kwargs={}, groups=None, refit=False, verbose=False, system=False, metrics=None, experiment_custom_tags=None, add_to_model_list=True, probability_threshold=None, display=<pycaret.internal.Display.Display object at 0x134740100>, return_train_score=False, kwargs={})
2022-04-11 14:09:02,811:INFO:Checking exceptions
2022-04-11 14:09:02,811:INFO:Importing libraries
2022-04-11 14:09:02,811:INFO:Copying training dataset
2022-04-11 14:09:02,812:INFO:Defining folds
2022-04-11 14:09:02,813:INFO:Declaring metric variables
2022-04-11 14:09:02,886:INFO:Importing untrained model
2022-04-11 14:09:02,914:INFO:Dummy Classifier Imported succesfully
2022-04-11 14:09:02,948:INFO:Starting cross validation
2022-04-11 14:09:02,951:INFO:Cross validating with StratifiedKFold(n_splits=10, random_state=None, shuffle=False), n_jobs=-1
2022-04-11 14:09:03,004:INFO:Calculating mean and std
2022-04-11 14:09:03,005:INFO:Creating metrics dataframe
2022-04-11 14:09:03,012:INFO:Uploading results into container
2022-04-11 14:09:03,012:INFO:Uploading model into container now
2022-04-11 14:09:03,012:INFO:create_model_container: 15
2022-04-11 14:09:03,012:INFO:master_model_container: 15
2022-04-11 14:09:03,012:INFO:display_container: 2
2022-04-11 14:09:03,013:INFO:DummyClassifier(constant=None, random_state=786, strategy='prior')
2022-04-11 14:09:03,013:INFO:create_model() succesfully completed......................................
2022-04-11 14:09:03,442:INFO:SubProcess create_model() end ==================================
2022-04-11 14:09:03,442:INFO:Creating metrics dataframe
2022-04-11 14:09:03,505:INFO:Initializing create_model()
2022-04-11 14:09:03,505:INFO:create_model(estimator=RandomForestClassifier(bootstrap=True, ccp_alpha=0.0, class_weight=None,
                       criterion='gini', max_depth=None, max_features='auto',
                       max_leaf_nodes=None, max_samples=None,
                       min_impurity_decrease=0.0, min_impurity_split=None,
                       min_samples_leaf=1, min_samples_split=2,
                       min_weight_fraction_leaf=0.0, n_estimators=100,
                       n_jobs=-1, oob_score=False, random_state=786, verbose=0,
                       warm_start=False), fold=StratifiedKFold(n_splits=10, random_state=None, shuffle=False), round=4, cross_validation=False, predict=False, fit_kwargs={}, groups=None, refit=True, verbose=False, system=False, metrics=None, experiment_custom_tags=None, add_to_model_list=True, probability_threshold=None, display=None, return_train_score=False, kwargs={})
2022-04-11 14:09:03,505:INFO:Checking exceptions
2022-04-11 14:09:03,506:INFO:Importing libraries
2022-04-11 14:09:03,506:INFO:Copying training dataset
2022-04-11 14:09:03,507:INFO:Defining folds
2022-04-11 14:09:03,507:INFO:Declaring metric variables
2022-04-11 14:09:03,507:INFO:Importing untrained model
2022-04-11 14:09:03,507:INFO:Declaring custom model
2022-04-11 14:09:03,509:INFO:Random Forest Classifier Imported succesfully
2022-04-11 14:09:03,512:INFO:Cross validation set to False
2022-04-11 14:09:03,512:INFO:Fitting Model
2022-04-11 14:09:03,993:INFO:RandomForestClassifier(bootstrap=True, ccp_alpha=0.0, class_weight=None,
                       criterion='gini', max_depth=None, max_features='auto',
                       max_leaf_nodes=None, max_samples=None,
                       min_impurity_decrease=0.0, min_impurity_split=None,
                       min_samples_leaf=1, min_samples_split=2,
                       min_weight_fraction_leaf=0.0, n_estimators=100,
                       n_jobs=-1, oob_score=False, random_state=786, verbose=0,
                       warm_start=False)
2022-04-11 14:09:03,993:INFO:create_models() succesfully completed......................................
2022-04-11 14:09:04,507:INFO:create_model_container: 15
2022-04-11 14:09:04,507:INFO:master_model_container: 15
2022-04-11 14:09:04,507:INFO:display_container: 2
2022-04-11 14:09:04,508:INFO:RandomForestClassifier(bootstrap=True, ccp_alpha=0.0, class_weight=None,
                       criterion='gini', max_depth=None, max_features='auto',
                       max_leaf_nodes=None, max_samples=None,
                       min_impurity_decrease=0.0, min_impurity_split=None,
                       min_samples_leaf=1, min_samples_split=2,
                       min_weight_fraction_leaf=0.0, n_estimators=100,
                       n_jobs=-1, oob_score=False, random_state=786, verbose=0,
                       warm_start=False)
2022-04-11 14:09:04,508:INFO:compare_models() succesfully completed......................................
2022-04-11 14:11:02,357:INFO:Initializing create_model()
2022-04-11 14:11:02,357:INFO:create_model(estimator=rf, fold=None, round=4, cross_validation=True, predict=True, fit_kwargs=None, groups=None, refit=True, verbose=True, system=True, metrics=None, experiment_custom_tags=None, add_to_model_list=True, probability_threshold=None, display=None, return_train_score=False, kwargs={})
2022-04-11 14:11:02,357:INFO:Checking exceptions
2022-04-11 14:11:02,357:INFO:Preparing display monitor
2022-04-11 14:11:02,377:INFO:Importing libraries
2022-04-11 14:11:02,377:INFO:Copying training dataset
2022-04-11 14:11:02,378:INFO:Defining folds
2022-04-11 14:11:02,379:INFO:Declaring metric variables
2022-04-11 14:11:02,386:INFO:Importing untrained model
2022-04-11 14:11:02,394:INFO:Random Forest Classifier Imported succesfully
2022-04-11 14:11:02,413:INFO:Starting cross validation
2022-04-11 14:11:02,413:INFO:Cross validating with StratifiedKFold(n_splits=10, random_state=None, shuffle=False), n_jobs=-1
2022-04-11 14:11:03,994:INFO:Calculating mean and std
2022-04-11 14:11:03,996:INFO:Creating metrics dataframe
2022-04-11 14:11:04,008:INFO:Finalizing model
2022-04-11 14:11:04,335:INFO:Uploading results into container
2022-04-11 14:11:04,335:INFO:Uploading model into container now
2022-04-11 14:11:04,351:INFO:create_model_container: 16
2022-04-11 14:11:04,351:INFO:master_model_container: 16
2022-04-11 14:11:04,351:INFO:display_container: 3
2022-04-11 14:11:04,352:INFO:RandomForestClassifier(bootstrap=True, ccp_alpha=0.0, class_weight=None,
                       criterion='gini', max_depth=None, max_features='auto',
                       max_leaf_nodes=None, max_samples=None,
                       min_impurity_decrease=0.0, min_impurity_split=None,
                       min_samples_leaf=1, min_samples_split=2,
                       min_weight_fraction_leaf=0.0, n_estimators=100,
                       n_jobs=-1, oob_score=False, random_state=786, verbose=0,
                       warm_start=False)
2022-04-11 14:11:04,352:INFO:create_model() succesfully completed......................................
2022-04-11 14:11:04,780:INFO:Initializing predict_model()
2022-04-11 14:11:04,780:INFO:predict_model(estimator=RandomForestClassifier(bootstrap=True, ccp_alpha=0.0, class_weight=None,
                       criterion='gini', max_depth=None, max_features='auto',
                       max_leaf_nodes=None, max_samples=None,
                       min_impurity_decrease=0.0, min_impurity_split=None,
                       min_samples_leaf=1, min_samples_split=2,
                       min_weight_fraction_leaf=0.0, n_estimators=100,
                       n_jobs=-1, oob_score=False, random_state=786, verbose=0,
                       warm_start=False), probability_threshold=None, encoded_labels=False, drift_report=False, raw_score=False, round=4, verbose=True, ml_usecase=MLUsecase.CLASSIFICATION, display=None, drift_kwargs=None)
2022-04-11 14:11:04,780:INFO:Checking exceptions
2022-04-11 14:11:04,780:INFO:Preloading libraries
2022-04-11 14:11:04,780:INFO:Preparing display monitor
